<?xml version="1.0" encoding="UTF-8"?>
<testsuite name="com.sugarcoachpremium.StressTest" tests="1" skipped="0" failures="0" errors="0" timestamp="2025-08-26T13:42:32.688Z" hostname="byariel-Aspire-A515-51" time="0.599">
  <properties/>
  <testcase name="stressMultipleUsers" classname="com.sugarcoachpremium.StressTest" time="0.599"/>
  <system-out><![CDATA[Usuario 1 terminó de cargar datos
Usuario 2 terminó de cargar datos
Usuario 3 terminó de cargar datos
Usuario 4 terminó de cargar datos
Usuario 5 terminó de cargar datos
Usuario 6 terminó de cargar datos
Usuario 7 terminó de cargar datos
Usuario 8 terminó de cargar datos
Usuario 9 terminó de cargar datos
Usuario 10 terminó de cargar datos
Usuario 11 terminó de cargar datos
Usuario 12 terminó de cargar datos
Usuario 13 terminó de cargar datos
Usuario 14 terminó de cargar datos
Usuario 15 terminó de cargar datos
Usuario 16 terminó de cargar datos
Usuario 17 terminó de cargar datos
Usuario 18 terminó de cargar datos
Usuario 19 terminó de cargar datos
Usuario 20 terminó de cargar datos
Usuario 21 terminó de cargar datos
Usuario 22 terminó de cargar datos
Usuario 23 terminó de cargar datos
Usuario 24 terminó de cargar datos
Usuario 25 terminó de cargar datos
Usuario 26 terminó de cargar datos
Usuario 27 terminó de cargar datos
Usuario 28 terminó de cargar datos
Usuario 29 terminó de cargar datos
Usuario 30 terminó de cargar datos
Usuario 31 terminó de cargar datos
Usuario 32 terminó de cargar datos
Usuario 33 terminó de cargar datos
Usuario 34 terminó de cargar datos
Usuario 35 terminó de cargar datos
Usuario 36 terminó de cargar datos
Usuario 37 terminó de cargar datos
Usuario 38 terminó de cargar datos
Usuario 39 terminó de cargar datos
Usuario 40 terminó de cargar datos
Usuario 41 terminó de cargar datos
Usuario 42 terminó de cargar datos
Usuario 43 terminó de cargar datos
Usuario 44 terminó de cargar datos
Usuario 45 terminó de cargar datos
Usuario 46 terminó de cargar datos
Usuario 47 terminó de cargar datos
Usuario 48 terminó de cargar datos
Usuario 49 terminó de cargar datos
Usuario 50 terminó de cargar datos
Todos los usuarios cargaron datos en 542 ms
]]></system-out>
  <system-err><![CDATA[]]></system-err>
</testsuite>
